<?xml version="1.0" encoding="UTF-8"?>
<!-- Generated by org.testng.reporters.JUnitReportReporter -->
<testsuite hostname="Andrews-MacBook-Pro.local" name="com.qa.tests.DemoTest" tests="4" failures="0" timestamp="7 Mar 2018 06:39:53 GMT" time="0.031" errors="0">
  <testcase name="div" time="0.026" classname="com.qa.tests.DemoTest"/>
  <testcase name="sub" time="0.001" classname="com.qa.tests.DemoTest"/>
  <testcase name="sum" time="0.002" classname="com.qa.tests.DemoTest"/>
  <testcase name="mul" time="0.002" classname="com.qa.tests.DemoTest"/>
</testsuite> <!-- com.qa.tests.DemoTest -->
